Using pre-set license
Built from '2021.3/staging' branch; Version is '2021.3.10f1 (1c7d0df0160b) revision 1867021'; Using compiler version '192829333'; Build Type 'Release'
OS: 'Windows 11  (10.0.22621) 64bit Core' Language: 'en' Physical Memory: 16146 MB
BatchMode: 1, IsHumanControllingUs: 0, StartBugReporterOnCrash: 0, Is64bit: 1, IsPro: 1

COMMAND LINE ARGUMENTS:
C:\Program Files\Unity\Hub\Editor\2021.3.10f1\Editor\Unity.exe
-adb2
-batchMode
-noUpm
-name
AssetImportWorker4
-projectPath
C:/Users/carso/Desktop/Silhouette
-logFile
Logs/AssetImportWorker4.log
-srvPort
49540
Successfully changed project path to: C:/Users/carso/Desktop/Silhouette
C:/Users/carso/Desktop/Silhouette
[UnityMemory] Configuration Parameters - Can be set up in boot.config
    "memorysetup-bucket-allocator-granularity=16"
    "memorysetup-bucket-allocator-bucket-count=8"
    "memorysetup-bucket-allocator-block-size=33554432"
    "memorysetup-bucket-allocator-block-count=8"
    "memorysetup-main-allocator-block-size=16777216"
    "memorysetup-thread-allocator-block-size=16777216"
    "memorysetup-gfx-main-allocator-block-size=16777216"
    "memorysetup-gfx-thread-allocator-block-size=16777216"
    "memorysetup-cache-allocator-block-size=4194304"
    "memorysetup-typetree-allocator-block-size=2097152"
    "memorysetup-profiler-bucket-allocator-granularity=16"
    "memorysetup-profiler-bucket-allocator-bucket-count=8"
    "memorysetup-profiler-bucket-allocator-block-size=33554432"
    "memorysetup-profiler-bucket-allocator-block-count=8"
    "memorysetup-profiler-allocator-block-size=16777216"
    "memorysetup-profiler-editor-allocator-block-size=1048576"
    "memorysetup-temp-allocator-size-main=16777216"
    "memorysetup-job-temp-allocator-block-size=2097152"
    "memorysetup-job-temp-allocator-block-size-background=1048576"
    "memorysetup-job-temp-allocator-reduction-small-platforms=262144"
    "memorysetup-temp-allocator-size-background-worker=32768"
    "memorysetup-temp-allocator-size-job-worker=262144"
    "memorysetup-temp-allocator-size-preload-manager=33554432"
    "memorysetup-temp-allocator-size-nav-mesh-worker=65536"
    "memorysetup-temp-allocator-size-audio-worker=65536"
    "memorysetup-temp-allocator-size-cloud-worker=32768"
    "memorysetup-temp-allocator-size-gi-baking-worker=262144"
    "memorysetup-temp-allocator-size-gfx=262144"
Refreshing native plugins compatible for Editor in 89.95 ms, found 3 plugins.
Preloading 0 native plugins for Editor in 0.00 ms.
Initialize engine version: 2021.3.10f1 (1c7d0df0160b)
[Subsystems] Discovering subsystems at path C:/Program Files/Unity/Hub/Editor/2021.3.10f1/Editor/Data/Resources/UnitySubsystems
[Subsystems] Discovering subsystems at path C:/Users/carso/Desktop/Silhouette/Assets
GfxDevice: creating device client; threaded=0; jobified=0
Direct3D:
    Version:  Direct3D 11.0 [level 11.1]
    Renderer: NVIDIA GeForce RTX 3070 Laptop GPU (ID=0x24dd)
    Vendor:   NVIDIA
    VRAM:     8044 MB
    Driver:   31.0.15.1694
Initialize mono
Mono path[0] = 'C:/Program Files/Unity/Hub/Editor/2021.3.10f1/Editor/Data/Managed'
Mono path[1] = 'C:/Program Files/Unity/Hub/Editor/2021.3.10f1/Editor/Data/MonoBleedingEdge/lib/mono/unityjit-win32'
Mono config path = 'C:/Program Files/Unity/Hub/Editor/2021.3.10f1/Editor/Data/MonoBleedingEdge/etc'
Using monoOptions --debugger-agent=transport=dt_socket,embedding=1,server=y,suspend=n,address=127.0.0.1:56832
Begin MonoManager ReloadAssembly
Registering precompiled unity dll's ...
Register platform support module: C:/Program Files/Unity/Hub/Editor/2021.3.10f1/Editor/Data/PlaybackEngines/WindowsStandaloneSupport/UnityEditor.WindowsStandalone.Extensions.dll
Registered in 0.005807 seconds.
Native extension for WindowsStandalone target not found
Refreshing native plugins compatible for Editor in 78.46 ms, found 3 plugins.
Preloading 0 native plugins for Editor in 0.00 ms.
Mono: successfully reloaded assembly
- Completed reload, in  0.644 seconds
Domain Reload Profiling:
	ReloadAssembly (644ms)
		BeginReloadAssembly (69ms)
			ExecutionOrderSort (0ms)
			DisableScriptedObjects (0ms)
			BackupInstance (0ms)
			ReleaseScriptingObjects (0ms)
			CreateAndSetChildDomain (1ms)
		EndReloadAssembly (471ms)
			LoadAssemblies (67ms)
			RebuildTransferFunctionScriptingTraits (0ms)
			SetupTypeCache (108ms)
			ReleaseScriptCaches (0ms)
			RebuildScriptCaches (30ms)
			SetupLoadedEditorAssemblies (283ms)
				LogAssemblyErrors (0ms)
				InitializePlatformSupportModulesInManaged (7ms)
				SetLoadedEditorAssemblies (0ms)
				RefreshPlugins (79ms)
				BeforeProcessingInitializeOnLoad (1ms)
				ProcessInitializeOnLoadAttributes (147ms)
				ProcessInitializeOnLoadMethodAttributes (48ms)
				AfterProcessingInitializeOnLoad (0ms)
				EditorAssembliesLoaded (0ms)
			ExecutionOrderSort2 (0ms)
			AwakeInstancesAfterBackupRestoration (0ms)
Platform modules already initialized, skipping
Registering precompiled user dll's ...
Registered in 0.005267 seconds.
Begin MonoManager ReloadAssembly
Native extension for WindowsStandalone target not found
Refreshing native plugins compatible for Editor in 0.78 ms, found 3 plugins.
Preloading 0 native plugins for Editor in 0.00 ms.
Mono: successfully reloaded assembly
- Completed reload, in  1.054 seconds
Domain Reload Profiling:
	ReloadAssembly (1055ms)
		BeginReloadAssembly (106ms)
			ExecutionOrderSort (0ms)
			DisableScriptedObjects (5ms)
			BackupInstance (0ms)
			ReleaseScriptingObjects (0ms)
			CreateAndSetChildDomain (19ms)
		EndReloadAssembly (828ms)
			LoadAssemblies (72ms)
			RebuildTransferFunctionScriptingTraits (0ms)
			SetupTypeCache (283ms)
			ReleaseScriptCaches (1ms)
			RebuildScriptCaches (56ms)
			SetupLoadedEditorAssemblies (369ms)
				LogAssemblyErrors (0ms)
				InitializePlatformSupportModulesInManaged (5ms)
				SetLoadedEditorAssemblies (0ms)
				RefreshPlugins (1ms)
				BeforeProcessingInitializeOnLoad (83ms)
				ProcessInitializeOnLoadAttributes (242ms)
				ProcessInitializeOnLoadMethodAttributes (30ms)
				AfterProcessingInitializeOnLoad (8ms)
				EditorAssembliesLoaded (0ms)
			ExecutionOrderSort2 (0ms)
			AwakeInstancesAfterBackupRestoration (6ms)
Platform modules already initialized, skipping
========================================================================
Worker process is ready to serve import requests
Launched and connected shader compiler UnityShaderCompiler.exe after 0.04 seconds
Refreshing native plugins compatible for Editor in 0.61 ms, found 3 plugins.
Preloading 0 native plugins for Editor in 0.00 ms.
Unloading 3396 Unused Serialized files (Serialized files now loaded: 0)
Unloading 24 unused Assets / (30.2 KB). Loaded Objects now: 3875.
Memory consumption went from 131.8 MB to 131.7 MB.
Total: 4.148400 ms (FindLiveObjects: 0.624800 ms CreateObjectMapping: 0.390200 ms MarkObjects: 3.097600 ms  DeleteObjects: 0.034600 ms)

AssetImportParameters requested are different than current active one (requested -> active):
  custom:video-decoder-ogg-theora: a1e56fd34408186e4bbccfd4996cb3dc -> 
  custom:container-muxer-webm: aa71ff27fc2769a1b78a27578f13a17b -> 
  custom:container-demuxer-webm: 4f35f7cbe854078d1ac9338744f61a02 -> 
  custom:video-encoder-webm-vp8: eb34c28f22e8b96e1ab97ce403110664 -> 
  custom:video-codec-MediaFoundation-h265: 746d11721c4dcdbdad8f713fa42b33f4 -> 
  custom:audio-encoder-webm-vorbis: bf7c407c2cedff20999df2af8eb42d56 -> 
  custom:framework-win-MediaFoundation: 216162199b28c13a410421893ffa2e32 -> 
  custom:container-demuxer-ogg: 62fdf1f143b41e24485cea50d1cbac27 -> 
  custom:video-decoder-webm-vp8: 9c59270c3fd7afecdb556c50c9e8de78 -> 
  custom:audio-decoder-ogg-vorbis: bf7c407c2cedff20999df2af8eb42d56 -> 
========================================================================
Received Import Request.
  Time since last request: 262066.587837 seconds.
  path: Assets/Game/Graphics/Arrow_new_down.png
  artifactKey: Guid(84fdc6c44ffe7454d94c46a323ae2e5e) Importer(815301076,1909f56bfc062723c751e8b465ee728b)
Start importing Assets/Game/Graphics/Arrow_new_down.png using Guid(84fdc6c44ffe7454d94c46a323ae2e5e) Importer(815301076,1909f56bfc062723c751e8b465ee728b)  -> (artifact id: 'c9f76403b39e6f09a41f0574cf996904') in 0.092336 seconds 
========================================================================
Received Import Request.
  Time since last request: 8.124990 seconds.
  path: Assets/Game/Graphics/Arrow_new_left.png
  artifactKey: Guid(770903ebfebc6e14da2250cd5d01b0d1) Importer(815301076,1909f56bfc062723c751e8b465ee728b)
Start importing Assets/Game/Graphics/Arrow_new_left.png using Guid(770903ebfebc6e14da2250cd5d01b0d1) Importer(815301076,1909f56bfc062723c751e8b465ee728b)  -> (artifact id: 'd9837341d98a2966ce474f8861decf99') in 0.019643 seconds 
========================================================================
Received Import Request.
  Time since last request: 21.755819 seconds.
  path: Assets/Game/Graphics/Arrow_new_down.png
  artifactKey: Guid(84fdc6c44ffe7454d94c46a323ae2e5e) Importer(815301076,1909f56bfc062723c751e8b465ee728b)
Start importing Assets/Game/Graphics/Arrow_new_down.png using Guid(84fdc6c44ffe7454d94c46a323ae2e5e) Importer(815301076,1909f56bfc062723c751e8b465ee728b)  -> (artifact id: '881df29545e0b236a741ba1e71f5aa53') in 0.066448 seconds 
========================================================================
Received Import Request.
  Time since last request: 9.025010 seconds.
  path: Assets/Game/Graphics/Arrow_new_left.png
  artifactKey: Guid(770903ebfebc6e14da2250cd5d01b0d1) Importer(815301076,1909f56bfc062723c751e8b465ee728b)
Start importing Assets/Game/Graphics/Arrow_new_left.png using Guid(770903ebfebc6e14da2250cd5d01b0d1) Importer(815301076,1909f56bfc062723c751e8b465ee728b)  -> (artifact id: '523561d4e9bdef1cd17652175ea1cdb0') in 0.072179 seconds 
========================================================================
Received Import Request.
  Time since last request: 20.096133 seconds.
  path: Assets/Game/Graphics/Arrow_new_down.png
  artifactKey: Guid(84fdc6c44ffe7454d94c46a323ae2e5e) Importer(815301076,1909f56bfc062723c751e8b465ee728b)
Start importing Assets/Game/Graphics/Arrow_new_down.png using Guid(84fdc6c44ffe7454d94c46a323ae2e5e) Importer(815301076,1909f56bfc062723c751e8b465ee728b)  -> (artifact id: '382553bc30d04b17a393e3fb4e7c4760') in 0.050804 seconds 
========================================================================
Received Import Request.
  Time since last request: 0.000040 seconds.
  path: Assets/Game/Graphics/Arrow_new_up.png
  artifactKey: Guid(c405dd20df55d914e8ee5104abb46ca6) Importer(815301076,1909f56bfc062723c751e8b465ee728b)
Start importing Assets/Game/Graphics/Arrow_new_up.png using Guid(c405dd20df55d914e8ee5104abb46ca6) Importer(815301076,1909f56bfc062723c751e8b465ee728b)  -> (artifact id: '3e42902226eec238a959bcb31e4c14d5') in 0.033279 seconds 
========================================================================
Received Import Request.
  Time since last request: 12.039561 seconds.
  path: Assets/Game/Graphics/Arrow_new_down.png
  artifactKey: Guid(84fdc6c44ffe7454d94c46a323ae2e5e) Importer(815301076,1909f56bfc062723c751e8b465ee728b)
Start importing Assets/Game/Graphics/Arrow_new_down.png using Guid(84fdc6c44ffe7454d94c46a323ae2e5e) Importer(815301076,1909f56bfc062723c751e8b465ee728b)  -> (artifact id: 'e6a8f469fcac272e546e0e9b394bce34') in 0.061736 seconds 
Editor requested this worker to shutdown with reason: Scaling down because of idle timeout
AssetImportWorker is now disconnected from the server
Process exiting
Exiting without the bug reporter. Application will terminate with return code 0